{"failedCount":1,"prefixedPath":"src\/test\/java\/examples\/reqres\/reqres.feature","packageQualifiedName":"src.test.java.examples.reqres.reqres","loopIndex":-1,"relativePath":"src\/test\/java\/examples\/reqres\/reqres.feature","scenarioResults":[{"sectionIndex":10,"stepResults":[{"result":{"nanos":87500,"millis":0.0875,"status":"passed"},"step":{"background":true,"line":4,"prefix":"Given","index":0,"text":"url base_url"},"stepLog":"22:01:22.070 karate.env system property was: null \n"},{"result":{"nanos":22675900,"millis":22.6759,"status":"passed"},"step":{"line":126,"prefix":"*","index":0,"text":"def test_data = Java.type('examples.data.faker')"}},{"result":{"nanos":40020200,"errorMessage":">>>> js failed:\n01: test_data.'fakeName'\n<<<<\norg.graalvm.polyglot.PolyglotException: SyntaxError: Unnamed:1:11 Expected ident but found fakeName\r\ntest_data.'fakeName'\r\n           ^\n\n- org.graalvm.polyglot.Context.eval(Context.java:373)\n- com.intuit.karate.graal.JsEngine.evalForValue(JsEngine.java:124)\n- com.intuit.karate.graal.JsEngine.eval(JsEngine.java:120)\n- com.intuit.karate.core.ScenarioEngine.evalJs(ScenarioEngine.java:1246)\n- com.intuit.karate.core.ScenarioEngine.evalKarateExpression(ScenarioEngine.java:2202)\n- com.intuit.karate.core.ScenarioEngine.evalAndCastTo(ScenarioEngine.java:1336)\n- com.intuit.karate.core.ScenarioEngine.assign(ScenarioEngine.java:1369)\n\nsrc\/test\/java\/examples\/reqres\/reqres.feature:127","millis":40.0202,"status":"failed"},"step":{"line":127,"prefix":"*","index":1,"text":"def fake_name = test_data.'fakeName'"},"stepLog":"22:01:22.198 src\/test\/java\/examples\/reqres\/reqres.feature:127\n* def fake_name = test_data.'fakeName'\n>>>> js failed:\n01: test_data.'fakeName'\n<<<<\norg.graalvm.polyglot.PolyglotException: SyntaxError: Unnamed:1:11 Expected ident but found fakeName\r\ntest_data.'fakeName'\r\n           ^\n\n- org.graalvm.polyglot.Context.eval(Context.java:373)\n- com.intuit.karate.graal.JsEngine.evalForValue(JsEngine.java:124)\n- com.intuit.karate.graal.JsEngine.eval(JsEngine.java:120)\n- com.intuit.karate.core.ScenarioEngine.evalJs(ScenarioEngine.java:1246)\n- com.intuit.karate.core.ScenarioEngine.evalKarateExpression(ScenarioEngine.java:2202)\n- com.intuit.karate.core.ScenarioEngine.evalAndCastTo(ScenarioEngine.java:1336)\n- com.intuit.karate.core.ScenarioEngine.assign(ScenarioEngine.java:1369)\n\nsrc\/test\/java\/examples\/reqres\/reqres.feature:127\n"},{"result":{"nanos":0,"millis":0.0,"status":"skipped"},"step":{"line":128,"prefix":"*","index":2,"text":"def fake_job = test_data.'fakeJob'"}},{"result":{"nanos":0,"millis":0.0,"status":"skipped"},"step":{"line":129,"prefix":"*","index":3,"text":"def path = '\/users'"}},{"result":{"nanos":0,"millis":0.0,"status":"skipped"},"step":{"line":130,"prefix":"Given","index":4,"text":"path path"}},{"result":{"nanos":0,"millis":0.0,"status":"skipped"},"step":{"line":131,"prefix":"Given","index":5,"text":"print fake_name"}},{"result":{"nanos":0,"millis":0.0,"status":"skipped"},"step":{"line":132,"prefix":"Given","index":6,"text":"print fake_job"}}],"line":125,"description":"","durationMillis":62.7836,"failed":true,"error":">>>> js failed:\n01: test_data.'fakeName'\n<<<<\norg.graalvm.polyglot.PolyglotException: SyntaxError: Unnamed:1:11 Expected ident but found fakeName\r\ntest_data.'fakeName'\r\n           ^\n\n- org.graalvm.polyglot.Context.eval(Context.java:373)\n- com.intuit.karate.graal.JsEngine.evalForValue(JsEngine.java:124)\n- com.intuit.karate.graal.JsEngine.eval(JsEngine.java:120)\n- com.intuit.karate.core.ScenarioEngine.evalJs(ScenarioEngine.java:1246)\n- com.intuit.karate.core.ScenarioEngine.evalKarateExpression(ScenarioEngine.java:2202)\n- com.intuit.karate.core.ScenarioEngine.evalAndCastTo(ScenarioEngine.java:1336)\n- com.intuit.karate.core.ScenarioEngine.assign(ScenarioEngine.java:1369)\n\nsrc\/test\/java\/examples\/reqres\/reqres.feature:127","executorName":"main","name":"create user post -data driven test using faker api","startTime":1633624281699,"refId":"[11:125]","endTime":1633624282198,"exampleIndex":-1}],"callDepth":0,"name":"reqres api test cases","description":"","resultDate":"2021-10-07 10:01:22 PM","durationMillis":62.7836,"passedCount":0}