{"failedCount":1,"prefixedPath":"src\/test\/java\/examples\/reqres\/home.feature","packageQualifiedName":"src.test.java.examples.reqres.home","loopIndex":-1,"relativePath":"src\/test\/java\/examples\/reqres\/home.feature","scenarioResults":[{"sectionIndex":0,"stepResults":[{"result":{"nanos":75682700,"millis":75.6827,"status":"passed"},"step":{"background":true,"line":3,"prefix":"*","index":0,"text":"configure driver = { type: 'chrome'}"},"stepLog":"13:08:05.894 karate.env system property was: null \n"},{"result":{"nanos":6722394000,"millis":6722.394,"status":"passed"},"step":{"background":true,"line":4,"prefix":"Given","index":1,"text":"driver 'https:\/\/www.saucedemo.com\/'"}},{"result":{"nanos":68800700,"millis":68.8007,"status":"passed"},"step":{"background":true,"line":5,"prefix":"And","index":2,"text":"maximize()"}},{"result":{"nanos":59442500,"millis":59.4425,"status":"passed"},"step":{"background":true,"line":6,"prefix":"And","index":3,"text":"waitFor('#user-name')"}},{"result":{"nanos":3083776200,"errorMessage":">>>> js failed:\n01: input('input[#user-name]', 'test input')\n<<<<\norg.graalvm.polyglot.PolyglotException: js eval failed twice:var e = document.querySelector(\"input[#user-name]\"); e.focus(); try { e.selectionStart = e.selectionEnd = e.value.length } catch(x) {}, error: {\"type\":\"object\",\"subtype\":\"error\",\"className\":\"DOMException\",\"description\":\"DOMException: Failed to execute 'querySelector' on 'Document': 'input[#user-name]' is not a valid selector.\\n    at <anonymous>:1:18\",\"objectId\":\"5474366296713583087.1.3\",\"preview\":{\"type\":\"object\",\"subtype\":\"error\",\"description\":\"DOMException: Failed to execute 'querySelector' on 'Document': 'input[#user-name]' is not a valid selector.\\n    at <anonymous>:1:18\",\"overflow\":false,\"properties\":[{\"name\":\"stack\",\"type\":\"accessor\"},{\"name\":\"code\",\"type\":\"number\",\"value\":\"12\"},{\"name\":\"name\",\"type\":\"string\",\"value\":\"SyntaxError\"},{\"name\":\"message\",\"type\":\"string\",\"value\":\"Failed to execute 'querySelector' on 'Document': 'input[#user-name]' is not a valid selector.\"}]}}\n- com.intuit.karate.driver.DevToolsDriver.eval(DevToolsDriver.java:271)\n- com.intuit.karate.driver.DevToolsDriver.eval(DevToolsDriver.java:256)\n- com.intuit.karate.driver.DevToolsDriver.input(DevToolsDriver.java:549)\n- <js>.:anonymous(Unnamed:1)\n\nsrc\/test\/java\/examples\/reqres\/home.feature:7","millis":3083.7762,"status":"failed"},"step":{"background":true,"line":7,"prefix":"And","index":4,"text":"input('input[#user-name]', 'test input')"},"stepLog":"13:08:15.967 src\/test\/java\/examples\/reqres\/home.feature:7\nAnd input('input[#user-name]', 'test input')\n>>>> js failed:\n01: input('input[#user-name]', 'test input')\n<<<<\norg.graalvm.polyglot.PolyglotException: js eval failed twice:var e = document.querySelector(\"input[#user-name]\"); e.focus(); try { e.selectionStart = e.selectionEnd = e.value.length } catch(x) {}, error: {\"type\":\"object\",\"subtype\":\"error\",\"className\":\"DOMException\",\"description\":\"DOMException: Failed to execute 'querySelector' on 'Document': 'input[#user-name]' is not a valid selector.\\n    at <anonymous>:1:18\",\"objectId\":\"5474366296713583087.1.3\",\"preview\":{\"type\":\"object\",\"subtype\":\"error\",\"description\":\"DOMException: Failed to execute 'querySelector' on 'Document': 'input[#user-name]' is not a valid selector.\\n    at <anonymous>:1:18\",\"overflow\":false,\"properties\":[{\"name\":\"stack\",\"type\":\"accessor\"},{\"name\":\"code\",\"type\":\"number\",\"value\":\"12\"},{\"name\":\"name\",\"type\":\"string\",\"value\":\"SyntaxError\"},{\"name\":\"message\",\"type\":\"string\",\"value\":\"Failed to execute 'querySelector' on 'Document': 'input[#user-name]' is not a valid selector.\"}]}}\n- com.intuit.karate.driver.DevToolsDriver.eval(DevToolsDriver.java:271)\n- com.intuit.karate.driver.DevToolsDriver.eval(DevToolsDriver.java:256)\n- com.intuit.karate.driver.DevToolsDriver.input(DevToolsDriver.java:549)\n- <js>.:anonymous(Unnamed:1)\n\nsrc\/test\/java\/examples\/reqres\/home.feature:7\n"},{"result":{"nanos":0,"millis":0.0,"status":"skipped"},"step":{"background":true,"line":8,"prefix":"*","index":5,"text":"delay(2000)"},"embeds":[{"file":"target\\karate-reports\\src.test.java.examples.reqres.home_1_1633160296173.png","html":"<img src=\"src.test.java.examples.reqres.home_1_1633160296173.png\"\/>","resourceType":"PNG"}]}],"line":13,"description":"","durationMillis":10010.0961,"failed":true,"error":">>>> js failed:\n01: input('input[#user-name]', 'test input')\n<<<<\norg.graalvm.polyglot.PolyglotException: js eval failed twice:var e = document.querySelector(\"input[#user-name]\"); e.focus(); try { e.selectionStart = e.selectionEnd = e.value.length } catch(x) {}, error: {\"type\":\"object\",\"subtype\":\"error\",\"className\":\"DOMException\",\"description\":\"DOMException: Failed to execute 'querySelector' on 'Document': 'input[#user-name]' is not a valid selector.\\n    at <anonymous>:1:18\",\"objectId\":\"5474366296713583087.1.3\",\"preview\":{\"type\":\"object\",\"subtype\":\"error\",\"description\":\"DOMException: Failed to execute 'querySelector' on 'Document': 'input[#user-name]' is not a valid selector.\\n    at <anonymous>:1:18\",\"overflow\":false,\"properties\":[{\"name\":\"stack\",\"type\":\"accessor\"},{\"name\":\"code\",\"type\":\"number\",\"value\":\"12\"},{\"name\":\"name\",\"type\":\"string\",\"value\":\"SyntaxError\"},{\"name\":\"message\",\"type\":\"string\",\"value\":\"Failed to execute 'querySelector' on 'Document': 'input[#user-name]' is not a valid selector.\"}]}}\n- com.intuit.karate.driver.DevToolsDriver.eval(DevToolsDriver.java:271)\n- com.intuit.karate.driver.DevToolsDriver.eval(DevToolsDriver.java:256)\n- com.intuit.karate.driver.DevToolsDriver.input(DevToolsDriver.java:549)\n- <js>.:anonymous(Unnamed:1)\n\nsrc\/test\/java\/examples\/reqres\/home.feature:7","executorName":"main","name":"swag labs home page load test","startTime":1633160285581,"refId":"[1:13]","endTime":1633160296177,"exampleIndex":-1}],"callDepth":0,"name":"swag labs home page ui test cases","description":"","resultDate":"2021-10-02 01:08:16 PM","durationMillis":10010.0961,"passedCount":0}