<?xml version="1.0" encoding="UTF-8"?>
<testsuite xmlns:xsi="http://www.w3.org/2001/XMLSchema-instance" xsi:noNamespaceSchemaLocation="https://maven.apache.org/surefire/maven-surefire-plugin/xsd/surefire-test-report.xsd" name="examples.TestRunnerCucumberReporting" time="14.755" tests="1" errors="0" skipped="0" failures="1">
  <properties>
[...]
</properties>
  <testcase name="testParallel" classname="examples.TestRunnerCucumberReporting" time="13.397">
    <failure message="match failed: EQUALS&#10;  $ | not equal | match failed for name: &apos;page&apos; (MAP:MAP)&#10;  {&quot;page&quot;:1,&quot;per_page&quot;:6,&quot;total&quot;:12,&quot;total_pages&quot;:2,&quot;data&quot;:[{&quot;id&quot;:1,&quot;name&quot;:&quot;cerulean&quot;,&quot;year&quot;:2000,&quot;color&quot;:&quot;#98B2D1&quot;,&quot;pantone_value&quot;:&quot;15-4020&quot;},{&quot;id&quot;:2,&quot;name&quot;:&quot;fuchsia rose&quot;,&quot;year&quot;:2001,&quot;color&quot;:&quot;#C74375&quot;,&quot;pantone_value&quot;:&quot;17-2031&quot;},{&quot;id&quot;:3,&quot;name&quot;:&quot;true red&quot;,&quot;year&quot;:2002,&quot;color&quot;:&quot;#BF1932&quot;,&quot;pantone_value&quot;:&quot;19-1664&quot;},{&quot;id&quot;:4,&quot;name&quot;:&quot;aqua sky&quot;,&quot;year&quot;:2003,&quot;color&quot;:&quot;#7BC4C4&quot;,&quot;pantone_value&quot;:&quot;14-4811&quot;},{&quot;id&quot;:5,&quot;name&quot;:&quot;tigerlily&quot;,&quot;year&quot;:2004,&quot;color&quot;:&quot;#E2583E&quot;,&quot;pantone_value&quot;:&quot;17-1456&quot;},{&quot;id&quot;:6,&quot;name&quot;:&quot;blue turquoise&quot;,&quot;year&quot;:2005,&quot;color&quot;:&quot;#53B0AE&quot;,&quot;pantone_value&quot;:&quot;15-5217&quot;}],&quot;support&quot;:{&quot;url&quot;:&quot;https://reqres.in/#support-heading&quot;,&quot;text&quot;:&quot;To keep ReqRes free, contributions towards server costs are appreciated!&quot;}}&#10;  {&quot;page&quot;:2,&quot;per_page&quot;:6,&quot;total&quot;:12,&quot;total_pages&quot;:2,&quot;data&quot;:[{&quot;id&quot;:7,&quot;email&quot;:&quot;michael.lawson@reqres.in&quot;,&quot;first_name&quot;:&quot;Michael&quot;,&quot;last_name&quot;:&quot;Lawson&quot;,&quot;avatar&quot;:&quot;https://reqres.in/img/faces/7-image.jpg&quot;},{&quot;id&quot;:8,&quot;email&quot;:&quot;lindsay.ferguson@reqres.in&quot;,&quot;first_name&quot;:&quot;Lindsay&quot;,&quot;last_name&quot;:&quot;Ferguson&quot;,&quot;avatar&quot;:&quot;https://reqres.in/img/faces/8-image.jpg&quot;},{&quot;id&quot;:9,&quot;email&quot;:&quot;tobias.funke@reqres.in&quot;,&quot;first_name&quot;:&quot;Tobias&quot;,&quot;last_name&quot;:&quot;Funke&quot;,&quot;avatar&quot;:&quot;https://reqres.in/img/faces/9-image.jpg&quot;},{&quot;id&quot;:10,&quot;email&quot;:&quot;byron.fields@reqres.in&quot;,&quot;first_name&quot;:&quot;Byron&quot;,&quot;last_name&quot;:&quot;Fields&quot;,&quot;avatar&quot;:&quot;https://reqres.in/img/faces/10-image.jpg&quot;},{&quot;id&quot;:11,&quot;email&quot;:&quot;george.edwards@reqres.in&quot;,&quot;first_name&quot;:&quot;George&quot;,&quot;last_name&quot;:&quot;Edwards&quot;,&quot;avatar&quot;:&quot;https://reqres.in/img/faces/11-image.jpg&quot;},{&quot;id&quot;:12,&quot;email&quot;:&quot;rachel.howell@reqres.in&quot;,&quot;first_name&quot;:&quot;Rachel&quot;,&quot;last_name&quot;:&quot;Howell&quot;,&quot;avatar&quot;:&quot;https://reqres.in/img/faces/12-image.jpg&quot;}],&quot;support&quot;:{&quot;url&quot;:&quot;https://reqres.in/#support-heading&quot;,&quot;text&quot;:&quot;To keep ReqRes free, contributions towards server costs are appreciated!&quot;}}&#10;&#10;    $.page | not equal (NUMBER:NUMBER)&#10;    1&#10;    2&#10;&#10;classpath:examples/reqres/reqres.feature:21" type="java.lang.AssertionError">java.lang.AssertionError: 
match failed: EQUALS
  $ | not equal | match failed for name: 'page' (MAP:MAP)
  {"page":1,"per_page":6,"total":12,"total_pages":2,"data":[{"id":1,"name":"cerulean","year":2000,"color":"#98B2D1","pantone_value":"15-4020"},{"id":2,"name":"fuchsia rose","year":2001,"color":"#C74375","pantone_value":"17-2031"},{"id":3,"name":"true red","year":2002,"color":"#BF1932","pantone_value":"19-1664"},{"id":4,"name":"aqua sky","year":2003,"color":"#7BC4C4","pantone_value":"14-4811"},{"id":5,"name":"tigerlily","year":2004,"color":"#E2583E","pantone_value":"17-1456"},{"id":6,"name":"blue turquoise","year":2005,"color":"#53B0AE","pantone_value":"15-5217"}],"support":{"url":"https://reqres.in/#support-heading","text":"To keep ReqRes free, contributions towards server costs are appreciated!"}}
  {"page":2,"per_page":6,"total":12,"total_pages":2,"data":[{"id":7,"email":"michael.lawson@reqres.in","first_name":"Michael","last_name":"Lawson","avatar":"https://reqres.in/img/faces/7-image.jpg"},{"id":8,"email":"lindsay.ferguson@reqres.in","first_name":"Lindsay","last_name":"Ferguson","avatar":"https://reqres.in/img/faces/8-image.jpg"},{"id":9,"email":"tobias.funke@reqres.in","first_name":"Tobias","last_name":"Funke","avatar":"https://reqres.in/img/faces/9-image.jpg"},{"id":10,"email":"byron.fields@reqres.in","first_name":"Byron","last_name":"Fields","avatar":"https://reqres.in/img/faces/10-image.jpg"},{"id":11,"email":"george.edwards@reqres.in","first_name":"George","last_name":"Edwards","avatar":"https://reqres.in/img/faces/11-image.jpg"},{"id":12,"email":"rachel.howell@reqres.in","first_name":"Rachel","last_name":"Howell","avatar":"https://reqres.in/img/faces/12-image.jpg"}],"support":{"url":"https://reqres.in/#support-heading","text":"To keep ReqRes free, contributions towards server costs are appreciated!"}}

    $.page | not equal (NUMBER:NUMBER)
    1
    2

classpath:examples/reqres/reqres.feature:21
	at examples.TestRunnerCucumberReporting.testParallel(TestRunnerCucumberReporting.java:25)
</failure>
    <system-out><![CDATA[10:13:56.786 [main] DEBUG com.intuit.karate.Suite - [config] classpath:karate-config.js
10:13:56.820 [main] DEBUG com.intuit.karate.Suite - waiting for 6 features to complete
10:13:59.411 [pool-1-thread-11] INFO  com.intuit.karate - karate.env system property was: null 
10:13:59.442 [pool-1-thread-4] INFO  com.intuit.karate - karate.env system property was: null 
10:13:59.426 [pool-1-thread-14] INFO  com.intuit.karate - karate.env system property was: null 
10:13:59.473 [pool-1-thread-10] INFO  com.intuit.karate - karate.env system property was: null 
10:13:59.411 [pool-1-thread-19] INFO  com.intuit.karate - karate.env system property was: null 
10:13:59.426 [pool-1-thread-21] INFO  com.intuit.karate - karate.env system property was: null 
10:13:59.426 [pool-1-thread-5] INFO  com.intuit.karate - karate.env system property was: null 
10:13:59.489 [pool-1-thread-1] INFO  com.intuit.karate - karate.env system property was: null 
10:13:59.489 [pool-1-thread-8] INFO  com.intuit.karate - karate.env system property was: null 
10:13:59.426 [pool-1-thread-3] INFO  com.intuit.karate - karate.env system property was: null 
10:13:59.489 [pool-1-thread-20] INFO  com.intuit.karate - karate.env system property was: null 
10:13:59.426 [pool-1-thread-6] INFO  com.intuit.karate - karate.env system property was: null 
10:13:59.489 [pool-1-thread-7] INFO  com.intuit.karate - karate.env system property was: null 
10:13:59.395 [pool-1-thread-18] INFO  com.intuit.karate - karate.env system property was: null 
10:13:59.426 [pool-1-thread-13] INFO  com.intuit.karate - karate.env system property was: null 
10:13:59.411 [pool-1-thread-12] INFO  com.intuit.karate - karate.env system property was: null 
10:13:59.411 [pool-1-thread-16] INFO  com.intuit.karate - karate.env system property was: null 
10:13:59.411 [pool-1-thread-9] INFO  com.intuit.karate - karate.env system property was: null 
10:13:59.411 [pool-1-thread-2] INFO  com.intuit.karate - karate.env system property was: null 
10:13:59.504 [pool-1-thread-17] INFO  com.intuit.karate - karate.env system property was: null 
10:13:59.520 [pool-1-thread-15] INFO  com.intuit.karate - karate.env system property was: null 
10:13:59.676 [pool-1-thread-1] INFO  com.intuit.karate - [print] {"title":"Java Feature File","body":"Karate Framework","userId":"50"} 
10:13:59.676 [pool-1-thread-2] INFO  com.intuit.karate - [print] {"title":"Welcome","body":"Karate Framework","userId":"10"} 
10:14:01.473 [pool-1-thread-4] DEBUG com.intuit.karate - request:
1 > GET https://reqres.in/api/users%3Fpage=2
1 > Host: reqres.in
1 > Connection: Keep-Alive
1 > User-Agent: Apache-HttpClient/4.5.13 (Java/11.0.10)
1 > Accept-Encoding: gzip,deflate


10:14:01.473 [pool-1-thread-18] DEBUG com.intuit.karate - request:
1 > POST https://reqres.in/api/users
1 > Content-Type: application/json; charset=UTF-8
1 > Content-Length: 53
1 > Host: reqres.in
1 > Connection: Keep-Alive
1 > User-Agent: Apache-HttpClient/4.5.13 (Java/11.0.10)
1 > Accept-Encoding: gzip,deflate
{"name":"Sydney","job":"Dynamic Legal Administrator"}

10:14:01.473 [pool-1-thread-15] DEBUG com.intuit.karate - request:
1 > POST https://reqres.in/api/users
1 > Content-Type: application/json; charset=UTF-8
1 > Content-Length: 39
1 > Host: reqres.in
1 > Connection: Keep-Alive
1 > User-Agent: Apache-HttpClient/4.5.13 (Java/11.0.10)
1 > Accept-Encoding: gzip,deflate
{"name":"Ben","job":"Global Associate"}

10:14:01.473 [pool-1-thread-2] DEBUG com.intuit.karate - request:
1 > POST https://jsonplaceholder.typicode.com/posts
1 > Content-Type: application/json; charset=UTF-8
1 > Content-Length: 59
1 > Host: jsonplaceholder.typicode.com
1 > Connection: Keep-Alive
1 > User-Agent: Apache-HttpClient/4.5.13 (Java/11.0.10)
1 > Accept-Encoding: gzip,deflate
{"title":"Welcome","body":"Karate Framework","userId":"10"}

10:14:01.473 [pool-1-thread-20] DEBUG com.intuit.karate - request:
1 > POST https://restful-booker.herokuapp.com/auth
1 > Content-Type: application/json; charset=UTF-8
1 > Content-Length: 45
1 > Host: restful-booker.herokuapp.com
1 > Connection: Keep-Alive
1 > User-Agent: Apache-HttpClient/4.5.13 (Java/11.0.10)
1 > Accept-Encoding: gzip,deflate
{"username":"admin","password":"password123"}

10:14:01.473 [pool-1-thread-5] DEBUG com.intuit.karate - request:
1 > POST https://reqres.in/api/users
1 > Content-Type: application/json; charset=UTF-8
1 > Content-Length: 34
1 > Host: reqres.in
1 > Connection: Keep-Alive
1 > User-Agent: Apache-HttpClient/4.5.13 (Java/11.0.10)
1 > Accept-Encoding: gzip,deflate
{"name":"morpheus","job":"leader"}

10:14:01.473 [pool-1-thread-7] DEBUG com.intuit.karate - request:
1 > PUT https://reqres.in/api/users
1 > Content-Type: application/json; charset=UTF-8
1 > Content-Length: 41
1 > Host: reqres.in
1 > Connection: Keep-Alive
1 > User-Agent: Apache-HttpClient/4.5.13 (Java/11.0.10)
1 > Accept-Encoding: gzip,deflate
{"name":"morpheus","job":"zion resident"}

10:14:01.473 [pool-1-thread-3] DEBUG com.intuit.karate - request:
1 > GET https://reqres.in/api/users/2
1 > Host: reqres.in
1 > Connection: Keep-Alive
1 > User-Agent: Apache-HttpClient/4.5.13 (Java/11.0.10)
1 > Accept-Encoding: gzip,deflate


10:14:01.473 [pool-1-thread-10] DEBUG com.intuit.karate - request:
1 > DELETE https://reqres.in/api/users/2
1 > Host: reqres.in
1 > Connection: Keep-Alive
1 > User-Agent: Apache-HttpClient/4.5.13 (Java/11.0.10)
1 > Accept-Encoding: gzip,deflate


10:14:01.473 [pool-1-thread-16] DEBUG com.intuit.karate - request:
1 > POST https://reqres.in/api/users
1 > Content-Type: application/json; charset=UTF-8
1 > Content-Length: 49
1 > Host: reqres.in
1 > Connection: Keep-Alive
1 > User-Agent: Apache-HttpClient/4.5.13 (Java/11.0.10)
1 > Accept-Encoding: gzip,deflate
{"name":"Krystle","job":"Government Facilitator"}

10:14:01.473 [pool-1-thread-19] DEBUG com.intuit.karate - request:
1 > POST https://restful-booker.herokuapp.com/auth
1 > Content-Type: application/json; charset=UTF-8
1 > Content-Length: 45
1 > Host: restful-booker.herokuapp.com
1 > Connection: Keep-Alive
1 > User-Agent: Apache-HttpClient/4.5.13 (Java/11.0.10)
1 > Accept-Encoding: gzip,deflate
{"username":"admin","password":"password123"}

10:14:01.473 [pool-1-thread-13] DEBUG com.intuit.karate - request:
1 > POST https://reqres.in/api/users
1 > Content-Type: application/json; charset=UTF-8
1 > Content-Length: 27
1 > Host: reqres.in
1 > Connection: Keep-Alive
1 > User-Agent: Apache-HttpClient/4.5.13 (Java/11.0.10)
1 > Accept-Encoding: gzip,deflate
{"name":"tony","job":"dev"}

10:14:01.473 [pool-1-thread-1] DEBUG com.intuit.karate - request:
1 > POST https://jsonplaceholder.typicode.com/posts
1 > Content-Type: application/json; charset=UTF-8
1 > Content-Length: 69
1 > Host: jsonplaceholder.typicode.com
1 > Connection: Keep-Alive
1 > User-Agent: Apache-HttpClient/4.5.13 (Java/11.0.10)
1 > Accept-Encoding: gzip,deflate
{"title":"Java Feature File","body":"Karate Framework","userId":"50"}

10:14:01.473 [pool-1-thread-21] DEBUG com.intuit.karate - request:
1 > POST https://restful-booker.herokuapp.com/auth
1 > Content-Type: application/json; charset=UTF-8
1 > Content-Length: 45
1 > Host: restful-booker.herokuapp.com
1 > Connection: Keep-Alive
1 > User-Agent: Apache-HttpClient/4.5.13 (Java/11.0.10)
1 > Accept-Encoding: gzip,deflate
{"username":"admin","password":"password123"}

10:14:01.473 [pool-1-thread-12] DEBUG com.intuit.karate - request:
1 > POST https://reqres.in/api/users
1 > Content-Type: application/json; charset=UTF-8
1 > Content-Length: 27
1 > Host: reqres.in
1 > Connection: Keep-Alive
1 > User-Agent: Apache-HttpClient/4.5.13 (Java/11.0.10)
1 > Accept-Encoding: gzip,deflate
{"name":"cyril","job":"qa"}

10:14:01.473 [pool-1-thread-9] DEBUG com.intuit.karate - request:
1 > PUT https://reqres.in/api/users
1 > Content-Type: application/json; charset=UTF-8
1 > Content-Length: 41
1 > Host: reqres.in
1 > Connection: Keep-Alive
1 > User-Agent: Apache-HttpClient/4.5.13 (Java/11.0.10)
1 > Accept-Encoding: gzip,deflate
{"name":"morpheus","job":"zion resident"}

10:14:01.488 [pool-1-thread-14] DEBUG com.intuit.karate - request:
1 > POST https://reqres.in/api/users
1 > Content-Type: application/json; charset=UTF-8
1 > Content-Length: 28
1 > Host: reqres.in
1 > Connection: Keep-Alive
1 > User-Agent: Apache-HttpClient/4.5.13 (Java/11.0.10)
1 > Accept-Encoding: gzip,deflate
{"name":"ferran","job":"ba"}

10:14:01.488 [pool-1-thread-6] DEBUG com.intuit.karate - request:
1 > POST https://reqres.in/api/users
1 > Content-Type: application/json; charset=UTF-8
1 > Content-Length: 34
1 > Host: reqres.in
1 > Connection: Keep-Alive
1 > User-Agent: Apache-HttpClient/4.5.13 (Java/11.0.10)
1 > Accept-Encoding: gzip,deflate
{"name":"morpheus","job":"leader"}

10:14:01.488 [pool-1-thread-11] DEBUG com.intuit.karate - request:
1 > GET https://postman-echo.com/basic-auth
1 > Authorization: Basic cG9zdG1hbjpwYXNzd29yZA==
1 > Host: postman-echo.com
1 > Connection: Keep-Alive
1 > User-Agent: Apache-HttpClient/4.5.13 (Java/11.0.10)
1 > Accept-Encoding: gzip,deflate


10:14:01.488 [pool-1-thread-17] DEBUG com.intuit.karate - request:
1 > POST https://reqres.in/api/users
1 > Content-Type: application/json; charset=UTF-8
1 > Content-Length: 47
1 > Host: reqres.in
1 > Connection: Keep-Alive
1 > User-Agent: Apache-HttpClient/4.5.13 (Java/11.0.10)
1 > Accept-Encoding: gzip,deflate
{"name":"Terence","job":"Central Orchestrator"}

10:14:01.488 [pool-1-thread-8] DEBUG com.intuit.karate - request:
1 > PUT https://reqres.in/api/users
1 > Content-Type: application/json; charset=UTF-8
1 > Content-Length: 41
1 > Host: reqres.in
1 > Connection: Keep-Alive
1 > User-Agent: Apache-HttpClient/4.5.13 (Java/11.0.10)
1 > Accept-Encoding: gzip,deflate
{"name":"morpheus","job":"zion resident"}

10:14:02.700 [pool-1-thread-4] DEBUG com.intuit.karate - response time in milliseconds: 1224
1 < 200
1 < Date: Mon, 11 Oct 2021 04:44:02 GMT
1 < Content-Type: application/json; charset=utf-8
1 < Transfer-Encoding: chunked
1 < Connection: keep-alive
1 < x-powered-by: Express
1 < access-control-allow-origin: *
1 < etag: W/"2c1-N6Rqerxquq2kgQhL51EiSg4x0R8"
1 < via: 1.1 vegur
1 < Cache-Control: max-age=14400
1 < CF-Cache-Status: HIT
1 < Age: 4054
1 < Expect-CT: max-age=604800, report-uri="https://report-uri.cloudflare.com/cdn-cgi/beacon/expect-ct"
1 < Report-To: {"endpoints":[{"url":"https:\/\/a.nel.cloudflare.com\/report\/v3?s=60zpAjKue8QG9353C6Ps%2BWTVA1mZl5YhbUN%2FNEBFeOx05Wh%2BZOsE0ZySmG%2B5f6N6GXe%2Ff3DcnFnLebSGNnJvuD3u7QGTTyyFMylwWGc5waa%2BGI0KU4q70GJJa0g%3D"}],"group":"cf-nel","max_age":604800}
1 < NEL: {"success_fraction":0,"report_to":"cf-nel","max_age":604800}
1 < Vary: Accept-Encoding
1 < Server: cloudflare
1 < CF-RAY: 69c56e5568a26e91-BOM
1 < alt-svc: h3=":443"; ma=86400, h3-29=":443"; ma=86400, h3-28=":443"; ma=86400, h3-27=":443"; ma=86400
{"page":1,"per_page":6,"total":12,"total_pages":2,"data":[{"id":1,"name":"cerulean","year":2000,"color":"#98B2D1","pantone_value":"15-4020"},{"id":2,"name":"fuchsia rose","year":2001,"color":"#C74375","pantone_value":"17-2031"},{"id":3,"name":"true red","year":2002,"color":"#BF1932","pantone_value":"19-1664"},{"id":4,"name":"aqua sky","year":2003,"color":"#7BC4C4","pantone_value":"14-4811"},{"id":5,"name":"tigerlily","year":2004,"color":"#E2583E","pantone_value":"17-1456"},{"id":6,"name":"blue turquoise","year":2005,"color":"#53B0AE","pantone_value":"15-5217"}],"support":{"url":"https://reqres.in/#support-heading","text":"To keep ReqRes free, contributions towards server costs are appreciated!"}}
10:14:02.700 [pool-1-thread-3] DEBUG com.intuit.karate - response time in milliseconds: 1224
1 < 200
1 < Date: Mon, 11 Oct 2021 04:44:02 GMT
1 < Content-Type: application/json; charset=utf-8
1 < Transfer-Encoding: chunked
1 < Connection: keep-alive
1 < x-powered-by: Express
1 < access-control-allow-origin: *
1 < etag: W/"118-pbdwwFo9SKNhD3Lx5iHJyngpq00"
1 < via: 1.1 vegur
1 < Cache-Control: max-age=14400
1 < CF-Cache-Status: HIT
1 < Age: 5283
1 < Expect-CT: max-age=604800, report-uri="https://report-uri.cloudflare.com/cdn-cgi/beacon/expect-ct"
1 < Report-To: {"endpoints":[{"url":"https:\/\/a.nel.cloudflare.com\/report\/v3?s=%2BPEdpuV0FepMgBeGBMkahDeul7YE5iEYIpF4rtZhGklkN8w%2F86Y8Pcn39nPlLAhTMIDopSN%2BRHg4jeTRAQL03Az3tRZExr7Vr9Z3p%2BABAyhQkRaWPQMzA5F1D4s%3D"}],"group":"cf-nel","max_age":604800}
1 < NEL: {"success_fraction":0,"report_to":"cf-nel","max_age":604800}
1 < Vary: Accept-Encoding
1 < Server: cloudflare
1 < CF-RAY: 69c56e556ac96ea4-BOM
1 < alt-svc: h3=":443"; ma=86400, h3-29=":443"; ma=86400, h3-28=":443"; ma=86400, h3-27=":443"; ma=86400
{"data":{"id":2,"email":"janet.weaver@reqres.in","first_name":"Janet","last_name":"Weaver","avatar":"https://reqres.in/img/faces/2-image.jpg"},"support":{"url":"https://reqres.in/#support-heading","text":"To keep ReqRes free, contributions towards server costs are appreciated!"}}
10:14:02.700 [pool-1-thread-3] INFO  com.intuit.karate - [print] {
  "data": {
    "id": 2,
    "email": "janet.weaver@reqres.in",
    "first_name": "Janet",
    "last_name": "Weaver",
    "avatar": "https://reqres.in/img/faces/2-image.jpg"
  },
  "support": {
    "url": "https://reqres.in/#support-heading",
    "text": "To keep ReqRes free, contributions towards server costs are appreciated!"
  }
}
 
10:14:02.700 [pool-1-thread-4] INFO  com.intuit.karate - [print] {
  "page": 1,
  "per_page": 6,
  "total": 12,
  "total_pages": 2,
  "data": [
    {
      "id": 1,
      "name": "cerulean",
      "year": 2000,
      "color": "#98B2D1",
      "pantone_value": "15-4020"
    },
    {
      "id": 2,
      "name": "fuchsia rose",
      "year": 2001,
      "color": "#C74375",
      "pantone_value": "17-2031"
    },
    {
      "id": 3,
      "name": "true red",
      "year": 2002,
      "color": "#BF1932",
      "pantone_value": "19-1664"
    },
    {
      "id": 4,
      "name": "aqua sky",
      "year": 2003,
      "color": "#7BC4C4",
      "pantone_value": "14-4811"
    },
    {
      "id": 5,
      "name": "tigerlily",
      "year": 2004,
      "color": "#E2583E",
      "pantone_value": "17-1456"
    },
    {
      "id": 6,
      "name": "blue turquoise",
      "year": 2005,
      "color": "#53B0AE",
      "pantone_value": "15-5217"
    }
  ],
  "support": {
    "url": "https://reqres.in/#support-heading",
    "text": "To keep ReqRes free, contributions towards server costs are appreciated!"
  }
}
 
10:14:02.729 [pool-1-thread-4] ERROR com.intuit.karate - classpath:examples/reqres/reqres.feature:21
And match $ == {"page":2,"per_page":6,"total":12,"total_pages":2,"data":[{"id":7,"email":"michael.lawson@reqres.in","first_name":"Michael","last_name":"Lawson","avatar":"https://reqres.in/img/faces/7-image.jpg"},{"id":8,"email":"lindsay.ferguson@reqres.in","first_name":"Lindsay","last_name":"Ferguson","avatar":"https://reqres.in/img/faces/8-image.jpg"},{"id":9,"email":"tobias.funke@reqres.in","first_name":"Tobias","last_name":"Funke","avatar":"https://reqres.in/img/faces/9-image.jpg"},{"id":10,"email":"byron.fields@reqres.in","first_name":"Byron","last_name":"Fields","avatar":"https://reqres.in/img/faces/10-image.jpg"},{"id":11,"email":"george.edwards@reqres.in","first_name":"George","last_name":"Edwards","avatar":"https://reqres.in/img/faces/11-image.jpg"},{"id":12,"email":"rachel.howell@reqres.in","first_name":"Rachel","last_name":"Howell","avatar":"https://reqres.in/img/faces/12-image.jpg"}],"support":{"url":"https://reqres.in/#support-heading","text":"To keep ReqRes free, contributions towards server costs are appreciated!"}}
match failed: EQUALS
  $ | not equal | match failed for name: 'page' (MAP:MAP)
  {"page":1,"per_page":6,"total":12,"total_pages":2,"data":[{"id":1,"name":"cerulean","year":2000,"color":"#98B2D1","pantone_value":"15-4020"},{"id":2,"name":"fuchsia rose","year":2001,"color":"#C74375","pantone_value":"17-2031"},{"id":3,"name":"true red","year":2002,"color":"#BF1932","pantone_value":"19-1664"},{"id":4,"name":"aqua sky","year":2003,"color":"#7BC4C4","pantone_value":"14-4811"},{"id":5,"name":"tigerlily","year":2004,"color":"#E2583E","pantone_value":"17-1456"},{"id":6,"name":"blue turquoise","year":2005,"color":"#53B0AE","pantone_value":"15-5217"}],"support":{"url":"https://reqres.in/#support-heading","text":"To keep ReqRes free, contributions towards server costs are appreciated!"}}
  {"page":2,"per_page":6,"total":12,"total_pages":2,"data":[{"id":7,"email":"michael.lawson@reqres.in","first_name":"Michael","last_name":"Lawson","avatar":"https://reqres.in/img/faces/7-image.jpg"},{"id":8,"email":"lindsay.ferguson@reqres.in","first_name":"Lindsay","last_name":"Ferguson","avatar":"https://reqres.in/img/faces/8-image.jpg"},{"id":9,"email":"tobias.funke@reqres.in","first_name":"Tobias","last_name":"Funke","avatar":"https://reqres.in/img/faces/9-image.jpg"},{"id":10,"email":"byron.fields@reqres.in","first_name":"Byron","last_name":"Fields","avatar":"https://reqres.in/img/faces/10-image.jpg"},{"id":11,"email":"george.edwards@reqres.in","first_name":"George","last_name":"Edwards","avatar":"https://reqres.in/img/faces/11-image.jpg"},{"id":12,"email":"rachel.howell@reqres.in","first_name":"Rachel","last_name":"Howell","avatar":"https://reqres.in/img/faces/12-image.jpg"}],"support":{"url":"https://reqres.in/#support-heading","text":"To keep ReqRes free, contributions towards server costs are appreciated!"}}

    $.page | not equal (NUMBER:NUMBER)
    1
    2

classpath:examples/reqres/reqres.feature:21
10:14:02.955 [pool-1-thread-15] DEBUG com.intuit.karate - response time in milliseconds: 1481
1 < 201
1 < Date: Mon, 11 Oct 2021 04:44:03 GMT
1 < Content-Type: application/json; charset=utf-8
1 < Content-Length: 89
1 < Connection: keep-alive
1 < x-powered-by: Express
1 < access-control-allow-origin: *
1 < etag: W/"59-cbMVKqexdBnVBzrhkrVgrtaYtUY"
1 < via: 1.1 vegur
1 < CF-Cache-Status: DYNAMIC
1 < Expect-CT: max-age=604800, report-uri="https://report-uri.cloudflare.com/cdn-cgi/beacon/expect-ct"
1 < Report-To: {"endpoints":[{"url":"https:\/\/a.nel.cloudflare.com\/report\/v3?s=Y0xkEfaNADRVsld0XZehvcIvFvDIgxTpzbS85B0jqAYO2mEmqAa894XGm8uJ1zP5%2ByWdBXfAMc30UOyPtK9xgL3B6eRM0umW2wWU8uuukb7k5VcOT2OOLdeYJzA%3D"}],"group":"cf-nel","max_age":604800}
1 < NEL: {"success_fraction":0,"report_to":"cf-nel","max_age":604800}
1 < Server: cloudflare
1 < CF-RAY: 69c56e555e576ec8-BOM
1 < alt-svc: h3=":443"; ma=86400, h3-29=":443"; ma=86400, h3-28=":443"; ma=86400, h3-27=":443"; ma=86400
{"name":"Ben","job":"Global Associate","id":"813","createdAt":"2021-10-11T04:44:03.013Z"}
10:14:02.955 [pool-1-thread-15] INFO  com.intuit.karate - [print] {
  "name": "Ben",
  "job": "Global Associate",
  "id": "813",
  "createdAt": "2021-10-11T04:44:03.013Z"
}
 
10:14:02.970 [pool-1-thread-10] DEBUG com.intuit.karate - response time in milliseconds: 1497
1 < 204
1 < Date: Mon, 11 Oct 2021 04:44:03 GMT
1 < Content-Length: 0
1 < Connection: keep-alive
1 < x-powered-by: Express
1 < access-control-allow-origin: *
1 < etag: W/"2-vyGp6PvFo4RvsFtPoIWeCReyIC8"
1 < via: 1.1 vegur
1 < CF-Cache-Status: DYNAMIC
1 < Expect-CT: max-age=604800, report-uri="https://report-uri.cloudflare.com/cdn-cgi/beacon/expect-ct"
1 < Report-To: {"endpoints":[{"url":"https:\/\/a.nel.cloudflare.com\/report\/v3?s=WPjYY1flqaf2WdkjjfihZ7OL5XzOwMRhbh1rEXhW38%2Be5pT8Xl9aWepcTcZfN1kQi9CQfzElmio2iBagc3SxQ2EugjEeA2M2AJyFIseQlJEDAWVs4Apur8hReDg%3D"}],"group":"cf-nel","max_age":604800}
1 < NEL: {"success_fraction":0,"report_to":"cf-nel","max_age":604800}
1 < Server: cloudflare
1 < CF-RAY: 69c56e555b2a2e3c-BOM
1 < alt-svc: h3=":443"; ma=86400, h3-29=":443"; ma=86400, h3-28=":443"; ma=86400, h3-27=":443"; ma=86400

10:14:02.975 [pool-1-thread-18] DEBUG com.intuit.karate - response time in milliseconds: 1502
1 < 201
1 < Date: Mon, 11 Oct 2021 04:44:03 GMT
1 < Content-Type: application/json; charset=utf-8
1 < Content-Length: 103
1 < Connection: keep-alive
1 < x-powered-by: Express
1 < access-control-allow-origin: *
1 < etag: W/"67-c9kiMfBh9QWS/NTABn74z3TNSUQ"
1 < via: 1.1 vegur
1 < CF-Cache-Status: DYNAMIC
1 < Expect-CT: max-age=604800, report-uri="https://report-uri.cloudflare.com/cdn-cgi/beacon/expect-ct"
1 < Report-To: {"endpoints":[{"url":"https:\/\/a.nel.cloudflare.com\/report\/v3?s=wM9WSmKxddJVLyNd2OWyAFM9buC2pdiJrlsqdywcau5%2Fhfl57InRbu6AbRHqyt%2BjGwSYW1mKD384nt3UUBY3m9rc3TwuF7rLApeNYzFV5zD8Oj1b9p8CjVrZJD0%3D"}],"group":"cf-nel","max_age":604800}
1 < NEL: {"success_fraction":0,"report_to":"cf-nel","max_age":604800}
1 < Server: cloudflare
1 < CF-RAY: 69c56e555b066e6d-BOM
1 < alt-svc: h3=":443"; ma=86400, h3-29=":443"; ma=86400, h3-28=":443"; ma=86400, h3-27=":443"; ma=86400
{"name":"Sydney","job":"Dynamic Legal Administrator","id":"500","createdAt":"2021-10-11T04:44:03.029Z"}
10:14:02.975 [pool-1-thread-6] DEBUG com.intuit.karate - response time in milliseconds: 1487
1 < 201
1 < Date: Mon, 11 Oct 2021 04:44:03 GMT
1 < Content-Type: application/json; charset=utf-8
1 < Content-Length: 84
1 < Connection: keep-alive
1 < x-powered-by: Express
1 < access-control-allow-origin: *
1 < etag: W/"54-hOHKe05hT1EvwfBK7I/M+0Yh6DA"
1 < via: 1.1 vegur
1 < CF-Cache-Status: DYNAMIC
1 < Expect-CT: max-age=604800, report-uri="https://report-uri.cloudflare.com/cdn-cgi/beacon/expect-ct"
1 < Report-To: {"endpoints":[{"url":"https:\/\/a.nel.cloudflare.com\/report\/v3?s=xawHYyfNapWRYOkqcGkuttgHw8KX0uVvbV3n1mm%2BgvZiZ7V1og5nCQbwpxPEziWNeiHjtzDWwqC4tpaCjSl9Ee40LtCeaQ8PDyKzW39nRb5M6N0Y0Qp%2F3tSfeAs%3D"}],"group":"cf-nel","max_age":604800}
1 < NEL: {"success_fraction":0,"report_to":"cf-nel","max_age":604800}
1 < Server: cloudflare
1 < CF-RAY: 69c56e555d382e17-BOM
1 < alt-svc: h3=":443"; ma=86400, h3-29=":443"; ma=86400, h3-28=":443"; ma=86400, h3-27=":443"; ma=86400
{"name":"morpheus","job":"leader","id":"487","createdAt":"2021-10-11T04:44:03.027Z"}
10:14:02.975 [pool-1-thread-18] INFO  com.intuit.karate - [print] {
  "name": "Sydney",
  "job": "Dynamic Legal Administrator",
  "id": "500",
  "createdAt": "2021-10-11T04:44:03.029Z"
}
 
10:14:02.975 [pool-1-thread-6] INFO  com.intuit.karate - [print] {
  "name": "morpheus",
  "job": "leader",
  "id": "487",
  "createdAt": "2021-10-11T04:44:03.027Z"
}
 
10:14:02.975 [pool-1-thread-10] INFO  com.intuit.karate - [print]  
10:14:02.990 [pool-1-thread-17] DEBUG com.intuit.karate - response time in milliseconds: 1502
1 < 201
1 < Date: Mon, 11 Oct 2021 04:44:03 GMT
1 < Content-Type: application/json; charset=utf-8
1 < Content-Length: 97
1 < Connection: keep-alive
1 < x-powered-by: Express
1 < access-control-allow-origin: *
1 < etag: W/"61-KR+SpKNmxMCDQ7/AnOmP2re3lcw"
1 < via: 1.1 vegur
1 < CF-Cache-Status: DYNAMIC
1 < Expect-CT: max-age=604800, report-uri="https://report-uri.cloudflare.com/cdn-cgi/beacon/expect-ct"
1 < Report-To: {"endpoints":[{"url":"https:\/\/a.nel.cloudflare.com\/report\/v3?s=ZZgAxieAWmGxwpRJY45AH2n3AkygAb3C2oOO%2BYoE%2BQBJwJb7JkeitI7vz1hH55UZOQ0pCfKOp0LrIfpNNk5mBFr6bQoN%2Bky3hN5B2cGsocY32noi5vdHfJHp2jI%3D"}],"group":"cf-nel","max_age":604800}
1 < NEL: {"success_fraction":0,"report_to":"cf-nel","max_age":604800}
1 < Server: cloudflare
1 < CF-RAY: 69c56e5569220e20-BOM
1 < alt-svc: h3=":443"; ma=86400, h3-29=":443"; ma=86400, h3-28=":443"; ma=86400, h3-27=":443"; ma=86400
{"name":"Terence","job":"Central Orchestrator","id":"770","createdAt":"2021-10-11T04:44:03.031Z"}
10:14:02.990 [pool-1-thread-17] INFO  com.intuit.karate - [print] {
  "name": "Terence",
  "job": "Central Orchestrator",
  "id": "770",
  "createdAt": "2021-10-11T04:44:03.031Z"
}
 
10:14:03.006 [pool-1-thread-14] DEBUG com.intuit.karate - response time in milliseconds: 1518
1 < 201
1 < Date: Mon, 11 Oct 2021 04:44:03 GMT
1 < Content-Type: application/json; charset=utf-8
1 < Content-Length: 78
1 < Connection: keep-alive
1 < x-powered-by: Express
1 < access-control-allow-origin: *
1 < etag: W/"4e-q9kGdypM3crSiOlx4Enj4p3HKmk"
1 < via: 1.1 vegur
1 < CF-Cache-Status: DYNAMIC
1 < Expect-CT: max-age=604800, report-uri="https://report-uri.cloudflare.com/cdn-cgi/beacon/expect-ct"
1 < Report-To: {"endpoints":[{"url":"https:\/\/a.nel.cloudflare.com\/report\/v3?s=IuDa4HtrUL8Wdwh7B5UVRb5E5Vw4cShVG2wy5qzH6sPNPq6IJHxKKsy1ABElrSEMHc5yukOozy2efJuwmzd1YpQ92jVAVd5z574VYl8owOogmeMsicA2jQBG408%3D"}],"group":"cf-nel","max_age":604800}
1 < NEL: {"success_fraction":0,"report_to":"cf-nel","max_age":604800}
1 < Server: cloudflare
1 < CF-RAY: 69c56e555a5b2e32-BOM
1 < alt-svc: h3=":443"; ma=86400, h3-29=":443"; ma=86400, h3-28=":443"; ma=86400, h3-27=":443"; ma=86400
{"name":"ferran","job":"ba","id":"495","createdAt":"2021-10-11T04:44:03.031Z"}
10:14:03.006 [pool-1-thread-12] DEBUG com.intuit.karate - response time in milliseconds: 1533
1 < 201
1 < Date: Mon, 11 Oct 2021 04:44:03 GMT
1 < Content-Type: application/json; charset=utf-8
1 < Content-Length: 76
1 < Connection: keep-alive
1 < x-powered-by: Express
1 < access-control-allow-origin: *
1 < etag: W/"4c-TSI/WiOvuxMF0RICe235nEy/yd0"
1 < via: 1.1 vegur
1 < CF-Cache-Status: DYNAMIC
1 < Expect-CT: max-age=604800, report-uri="https://report-uri.cloudflare.com/cdn-cgi/beacon/expect-ct"
1 < Report-To: {"endpoints":[{"url":"https:\/\/a.nel.cloudflare.com\/report\/v3?s=OLnEG2%2FrwUj1cbe%2BcyiSUoHP83IxAqfFXKsHwlpzVFWkThJ2h%2FdPgSWGCrWCXVzHM%2BkhejVwQr0YrYx3SWql0m5Ozdtkg39ZrXjsgZ4ajUJnh7pCr9Z6nb%2BESHE%3D"}],"group":"cf-nel","max_age":604800}
1 < NEL: {"success_fraction":0,"report_to":"cf-nel","max_age":604800}
1 < Server: cloudflare
1 < CF-RAY: 69c56e557b120dfb-BOM
1 < alt-svc: h3=":443"; ma=86400, h3-29=":443"; ma=86400, h3-28=":443"; ma=86400, h3-27=":443"; ma=86400
{"name":"cyril","job":"qa","id":"41","createdAt":"2021-10-11T04:44:03.036Z"}
10:14:03.006 [pool-1-thread-14] INFO  com.intuit.karate - [print] {
  "name": "ferran",
  "job": "ba",
  "id": "495",
  "createdAt": "2021-10-11T04:44:03.031Z"
}
 
10:14:03.006 [pool-1-thread-12] INFO  com.intuit.karate - [print] {
  "name": "cyril",
  "job": "qa",
  "id": "41",
  "createdAt": "2021-10-11T04:44:03.036Z"
}
 
10:14:03.006 [pool-1-thread-13] DEBUG com.intuit.karate - response time in milliseconds: 1533
1 < 201
1 < Date: Mon, 11 Oct 2021 04:44:03 GMT
1 < Content-Type: application/json; charset=utf-8
1 < Content-Length: 77
1 < Connection: keep-alive
1 < x-powered-by: Express
1 < access-control-allow-origin: *
1 < etag: W/"4d-HXpFk4WteEDmZ4RUDtNMcS6prJk"
1 < via: 1.1 vegur
1 < CF-Cache-Status: DYNAMIC
1 < Expect-CT: max-age=604800, report-uri="https://report-uri.cloudflare.com/cdn-cgi/beacon/expect-ct"
1 < Report-To: {"endpoints":[{"url":"https:\/\/a.nel.cloudflare.com\/report\/v3?s=TiXlJf%2FH9DCTbNBO2bGuiURUZxbRxJJPHGaXTYyWbmUf%2BDIYyrkSWI7nOvU6Msx2nJKsv8U9SoRU3MMQ%2BmRP8tI%2FF7N%2BX7dUWdTfppptWWNoed2UaKr4fDrzJsw%3D"}],"group":"cf-nel","max_age":604800}
1 < NEL: {"success_fraction":0,"report_to":"cf-nel","max_age":604800}
1 < Server: cloudflare
1 < CF-RAY: 69c56e557ddd0f0c-BOM
1 < alt-svc: h3=":443"; ma=86400, h3-29=":443"; ma=86400, h3-28=":443"; ma=86400, h3-27=":443"; ma=86400
{"name":"tony","job":"dev","id":"372","createdAt":"2021-10-11T04:44:03.042Z"}
10:14:03.006 [pool-1-thread-5] DEBUG com.intuit.karate - response time in milliseconds: 1533
1 < 201
1 < Date: Mon, 11 Oct 2021 04:44:03 GMT
1 < Content-Type: application/json; charset=utf-8
1 < Content-Length: 84
1 < Connection: keep-alive
1 < x-powered-by: Express
1 < access-control-allow-origin: *
1 < etag: W/"54-EmFS0U+wwlOKNfJekvGEDMuxacw"
1 < via: 1.1 vegur
1 < CF-Cache-Status: DYNAMIC
1 < Expect-CT: max-age=604800, report-uri="https://report-uri.cloudflare.com/cdn-cgi/beacon/expect-ct"
1 < Report-To: {"endpoints":[{"url":"https:\/\/a.nel.cloudflare.com\/report\/v3?s=Zn9bmEmfxp2aeqViv5XMRKSW%2Bxrv6wMYxqVO54lYxnDV1n13hrKGvNkk7dFc4%2FiRHjG88UABdXD%2BWtw18lj8F%2B88eHYlXF7khlBadK0hgXTat00SPUbw%2B1S%2BVFo%3D"}],"group":"cf-nel","max_age":604800}
1 < NEL: {"success_fraction":0,"report_to":"cf-nel","max_age":604800}
1 < Server: cloudflare
1 < CF-RAY: 69c56e557a622dfd-BOM
1 < alt-svc: h3=":443"; ma=86400, h3-29=":443"; ma=86400, h3-28=":443"; ma=86400, h3-27=":443"; ma=86400
{"name":"morpheus","job":"leader","id":"882","createdAt":"2021-10-11T04:44:03.035Z"}
10:14:03.022 [pool-1-thread-13] INFO  com.intuit.karate - [print] {
  "name": "tony",
  "job": "dev",
  "id": "372",
  "createdAt": "2021-10-11T04:44:03.042Z"
}
 
10:14:03.022 [pool-1-thread-5] INFO  com.intuit.karate - [print] {
  "name": "morpheus",
  "job": "leader",
  "id": "882",
  "createdAt": "2021-10-11T04:44:03.035Z"
}
 
10:14:03.022 [pool-1-thread-16] DEBUG com.intuit.karate - response time in milliseconds: 1549
1 < 201
1 < Date: Mon, 11 Oct 2021 04:44:03 GMT
1 < Content-Type: application/json; charset=utf-8
1 < Content-Length: 99
1 < Connection: keep-alive
1 < x-powered-by: Express
1 < access-control-allow-origin: *
1 < etag: W/"63-Ja4AyZj0P8reE/0nOxUq0Y1Bgy0"
1 < via: 1.1 vegur
1 < CF-Cache-Status: DYNAMIC
1 < Expect-CT: max-age=604800, report-uri="https://report-uri.cloudflare.com/cdn-cgi/beacon/expect-ct"
1 < Report-To: {"endpoints":[{"url":"https:\/\/a.nel.cloudflare.com\/report\/v3?s=R86EAZHufwy9%2B95DVJy5kco2UMnP2SOMgj7ZVE%2BnBin%2FXKKsWf%2BU%2Br0M2g8BoYOBzjq7b%2BGaK7v1ixW446kthtGFXUqWUbiwCM%2BIUBZugko8V6%2FA1l9aLEKttX4%3D"}],"group":"cf-nel","max_age":604800}
1 < NEL: {"success_fraction":0,"report_to":"cf-nel","max_age":604800}
1 < Server: cloudflare
1 < CF-RAY: 69c56e556a506eb2-BOM
1 < alt-svc: h3=":443"; ma=86400, h3-29=":443"; ma=86400, h3-28=":443"; ma=86400, h3-27=":443"; ma=86400
{"name":"Krystle","job":"Government Facilitator","id":"132","createdAt":"2021-10-11T04:44:03.057Z"}
10:14:03.022 [pool-1-thread-7] DEBUG com.intuit.karate - response time in milliseconds: 1549
1 < 200
1 < Date: Mon, 11 Oct 2021 04:44:03 GMT
1 < Content-Type: application/json; charset=utf-8
1 < Transfer-Encoding: chunked
1 < Connection: keep-alive
1 < x-powered-by: Express
1 < access-control-allow-origin: *
1 < etag: W/"50-kum8va5fKouK2avx8/OU+o3dzyE"
1 < via: 1.1 vegur
1 < CF-Cache-Status: DYNAMIC
1 < Expect-CT: max-age=604800, report-uri="https://report-uri.cloudflare.com/cdn-cgi/beacon/expect-ct"
1 < Report-To: {"endpoints":[{"url":"https:\/\/a.nel.cloudflare.com\/report\/v3?s=Yp6GXol1JM6CYr4GNOz6m1F761sdln%2BEcXBG9cV%2B4%2FUaWe5b2gwLvZQt7j5U5L5hRuQBH7ktnH6yUy6vxP9EGV8SkmR%2BccD9Jk0vB%2B2FZxcoLlvQCnsYyyy1x6s%3D"}],"group":"cf-nel","max_age":604800}
1 < NEL: {"success_fraction":0,"report_to":"cf-nel","max_age":604800}
1 < Vary: Accept-Encoding
1 < Server: cloudflare
1 < CF-RAY: 69c56e5568e96f06-BOM
1 < alt-svc: h3=":443"; ma=86400, h3-29=":443"; ma=86400, h3-28=":443"; ma=86400, h3-27=":443"; ma=86400
{"name":"morpheus","job":"zion resident","updatedAt":"2021-10-11T04:44:03.068Z"}
10:14:03.022 [pool-1-thread-8] DEBUG com.intuit.karate - response time in milliseconds: 1534
1 < 200
1 < Date: Mon, 11 Oct 2021 04:44:03 GMT
1 < Content-Type: application/json; charset=utf-8
1 < Transfer-Encoding: chunked
1 < Connection: keep-alive
1 < x-powered-by: Express
1 < access-control-allow-origin: *
1 < etag: W/"50-DHG2CSmonEujFtxlfvRXymtTmTo"
1 < via: 1.1 vegur
1 < CF-Cache-Status: DYNAMIC
1 < Expect-CT: max-age=604800, report-uri="https://report-uri.cloudflare.com/cdn-cgi/beacon/expect-ct"
1 < Report-To: {"endpoints":[{"url":"https:\/\/a.nel.cloudflare.com\/report\/v3?s=%2B0z%2BGyzS0GJyXoHs2wrxCVntKdl8WTnUDPheGpD6bWL3pVqYIJx86w8djBg2pq3p7JfCA9m7tDj1I0Gb3y3DFpsdeJsCo%2BZYSM%2FpR3ziaI6BKpyONG2WMMIe2V8%3D"}],"group":"cf-nel","max_age":604800}
1 < NEL: {"success_fraction":0,"report_to":"cf-nel","max_age":604800}
1 < Vary: Accept-Encoding
1 < Server: cloudflare
1 < CF-RAY: 69c56e556c790e30-BOM
1 < alt-svc: h3=":443"; ma=86400, h3-29=":443"; ma=86400, h3-28=":443"; ma=86400, h3-27=":443"; ma=86400
{"name":"morpheus","job":"zion resident","updatedAt":"2021-10-11T04:44:03.067Z"}
10:14:03.037 [pool-1-thread-8] INFO  com.intuit.karate - [print] {
  "name": "morpheus",
  "job": "zion resident",
  "updatedAt": "2021-10-11T04:44:03.067Z"
}
 
10:14:03.022 [pool-1-thread-16] INFO  com.intuit.karate - [print] {
  "name": "Krystle",
  "job": "Government Facilitator",
  "id": "132",
  "createdAt": "2021-10-11T04:44:03.057Z"
}
 
10:14:03.037 [pool-1-thread-7] INFO  com.intuit.karate - [print] {
  "name": "morpheus",
  "job": "zion resident",
  "updatedAt": "2021-10-11T04:44:03.068Z"
}
 
10:14:03.037 [pool-1-thread-2] DEBUG com.intuit.karate - response time in milliseconds: 1564
1 < 201
1 < Date: Mon, 11 Oct 2021 04:44:03 GMT
1 < Content-Type: application/json; charset=utf-8
1 < Content-Length: 85
1 < Connection: keep-alive
1 < x-powered-by: Express
1 < x-ratelimit-limit: 1000
1 < x-ratelimit-remaining: 999
1 < x-ratelimit-reset: 1633927466
1 < vary: Origin, X-HTTP-Method-Override, Accept-Encoding
1 < access-control-allow-credentials: true
1 < cache-control: no-cache
1 < pragma: no-cache
1 < expires: -1
1 < access-control-expose-headers: Location
1 < location: http://jsonplaceholder.typicode.com/posts/101
1 < x-content-type-options: nosniff
1 < etag: W/"55-ado8H4CXM9gruGbklc+Zwr09vJo"
1 < via: 1.1 vegur
1 < CF-Cache-Status: DYNAMIC
1 < Expect-CT: max-age=604800, report-uri="https://report-uri.cloudflare.com/cdn-cgi/beacon/expect-ct"
1 < Report-To: {"endpoints":[{"url":"https:\/\/a.nel.cloudflare.com\/report\/v3?s=5shm1RWJNmhFs20BLLwL2qkIFF%2BZJrVFg7ufiDyT%2FEcQ5T4VM1WONJ%2Fa1m6TcS%2FUw8kT3sgtk7zH4DMeUr4o6Cq0GHXsvmAfjFuUbdtTlXwAdcy3dz2a5bWAPN2h9oF8EnacWnLRE2hzpSlj3VHm"}],"group":"cf-nel","max_age":604800}
1 < NEL: {"success_fraction":0,"report_to":"cf-nel","max_age":604800}
1 < Server: cloudflare
1 < CF-RAY: 69c56e554f87710a-BOM
1 < alt-svc: h3=":443"; ma=86400, h3-29=":443"; ma=86400, h3-28=":443"; ma=86400, h3-27=":443"; ma=86400
{
  "title": "Welcome",
  "body": "Karate Framework",
  "userId": "10",
  "id": 101
}
10:14:03.053 [pool-1-thread-2] INFO  com.intuit.karate - [print] Response is:  {
  "title": "Welcome",
  "body": "Karate Framework",
  "userId": "10",
  "id": 101
}
 
10:14:03.064 [pool-1-thread-1] DEBUG com.intuit.karate - response time in milliseconds: 1591
1 < 201
1 < Date: Mon, 11 Oct 2021 04:44:03 GMT
1 < Content-Type: application/json; charset=utf-8
1 < Content-Length: 95
1 < Connection: keep-alive
1 < x-powered-by: Express
1 < x-ratelimit-limit: 1000
1 < x-ratelimit-remaining: 998
1 < x-ratelimit-reset: 1633927466
1 < vary: Origin, X-HTTP-Method-Override, Accept-Encoding
1 < access-control-allow-credentials: true
1 < cache-control: no-cache
1 < pragma: no-cache
1 < expires: -1
1 < access-control-expose-headers: Location
1 < location: http://jsonplaceholder.typicode.com/posts/101
1 < x-content-type-options: nosniff
1 < etag: W/"5f-NpfW6DXbP9s9XSk+igjjrlBe6t8"
1 < via: 1.1 vegur
1 < CF-Cache-Status: DYNAMIC
1 < Expect-CT: max-age=604800, report-uri="https://report-uri.cloudflare.com/cdn-cgi/beacon/expect-ct"
1 < Report-To: {"endpoints":[{"url":"https:\/\/a.nel.cloudflare.com\/report\/v3?s=kFUV%2FjOv51EvBBDypNqtuv5uR%2B3KQHzBr1FdOQZkMFsQFBSNnPldK24rvJuSjsO9pf%2BqLC1%2Br%2BsMX775GjAeBL7lAn2aNLPbGZDPZyijKgpYHsjLB7jrrG9rk2q7BPb2y%2F9uUHeiSFlVo%2BFgiRqL"}],"group":"cf-nel","max_age":604800}
1 < NEL: {"success_fraction":0,"report_to":"cf-nel","max_age":604800}
1 < Server: cloudflare
1 < CF-RAY: 69c56e557dcf0f0c-BOM
1 < alt-svc: h3=":443"; ma=86400, h3-29=":443"; ma=86400, h3-28=":443"; ma=86400, h3-27=":443"; ma=86400
{
  "title": "Java Feature File",
  "body": "Karate Framework",
  "userId": "50",
  "id": 101
}
10:14:03.064 [pool-1-thread-1] INFO  com.intuit.karate - [print] Response is:  {
  "title": "Java Feature File",
  "body": "Karate Framework",
  "userId": "50",
  "id": 101
}
 
10:14:03.096 [pool-1-thread-9] DEBUG com.intuit.karate - response time in milliseconds: 1608
1 < 200
1 < Date: Mon, 11 Oct 2021 04:44:03 GMT
1 < Content-Type: application/json; charset=utf-8
1 < Transfer-Encoding: chunked
1 < Connection: keep-alive
1 < x-powered-by: Express
1 < access-control-allow-origin: *
1 < etag: W/"50-GX/s84ABcgseJDyS/Q64oOLvP6c"
1 < via: 1.1 vegur
1 < CF-Cache-Status: DYNAMIC
1 < Expect-CT: max-age=604800, report-uri="https://report-uri.cloudflare.com/cdn-cgi/beacon/expect-ct"
1 < Report-To: {"endpoints":[{"url":"https:\/\/a.nel.cloudflare.com\/report\/v3?s=IGa%2BjHCBNB8Ng1VJ3IVxN4nKSjSA%2BPGkLQ2M%2BAk5L0b1hFWSJxqGKOR04EBUXwXWRs8We2QOs7WL7l4sfIAFFD4Mg%2Fd3CmbRjapKbiTSADiCLq%2BxNsM370HpMKc%3D"}],"group":"cf-nel","max_age":604800}
1 < NEL: {"success_fraction":0,"report_to":"cf-nel","max_age":604800}
1 < Vary: Accept-Encoding
1 < Server: cloudflare
1 < CF-RAY: 69c56e557e1731e7-BOM
1 < alt-svc: h3=":443"; ma=86400, h3-29=":443"; ma=86400, h3-28=":443"; ma=86400, h3-27=":443"; ma=86400
{"name":"morpheus","job":"zion resident","updatedAt":"2021-10-11T04:44:03.071Z"}
10:14:03.096 [pool-1-thread-9] INFO  com.intuit.karate - [print] {
  "name": "morpheus",
  "job": "zion resident",
  "updatedAt": "2021-10-11T04:44:03.071Z"
}
 
10:14:03.125 [pool-1-thread-19] DEBUG com.intuit.karate - response time in milliseconds: 1652
1 < 200
1 < Server: Cowboy
1 < Connection: keep-alive
1 < X-Powered-By: Express
1 < Content-Type: application/json; charset=utf-8
1 < Content-Length: 27
1 < Etag: W/"1b-wjCMBLR+SQ0iALFUzf5iBLYEEh0"
1 < Date: Mon, 11 Oct 2021 04:44:03 GMT
1 < Via: 1.1 vegur
{"token":"afdc9c51aed6dd5"}
10:14:03.126 [pool-1-thread-19] INFO  com.intuit.karate - [print] {
  "token": "afdc9c51aed6dd5"
}
 
10:14:03.134 [pool-1-thread-19] DEBUG com.intuit.karate - request:
2 > POST https://restful-booker.herokuapp.com/booking
2 > Content-Type: application/json; charset=UTF-8
2 > Accept: application/json
2 > Content-Length: 168
2 > Host: restful-booker.herokuapp.com
2 > Connection: Keep-Alive
2 > User-Agent: Apache-HttpClient/4.5.13 (Java/11.0.10)
2 > Accept-Encoding: gzip,deflate
{"firstname":"Jim","lastname":"Brown","totalprice":111,"depositpaid":true,"bookingdates":{"checkin":"2018-01-01","checkout":"2019-01-01"},"additionalneeds":"Breakfast"}

10:14:03.150 [pool-1-thread-21] DEBUG com.intuit.karate - response time in milliseconds: 1677
1 < 200
1 < Server: Cowboy
1 < Connection: keep-alive
1 < X-Powered-By: Express
1 < Content-Type: application/json; charset=utf-8
1 < Content-Length: 27
1 < Etag: W/"1b-5FykdY0pXBuzyQimzplPteMh5g0"
1 < Date: Mon, 11 Oct 2021 04:44:03 GMT
1 < Via: 1.1 vegur
{"token":"0f5412f1f798717"}
10:14:03.150 [pool-1-thread-20] DEBUG com.intuit.karate - response time in milliseconds: 1677
1 < 200
1 < Server: Cowboy
1 < Connection: keep-alive
1 < X-Powered-By: Express
1 < Content-Type: application/json; charset=utf-8
1 < Content-Length: 27
1 < Etag: W/"1b-5oIJ+QsFVc6ZNiTL6D3K+E+y6yo"
1 < Date: Mon, 11 Oct 2021 04:44:03 GMT
1 < Via: 1.1 vegur
{"token":"228ccf3ef0344ab"}
10:14:03.150 [pool-1-thread-20] INFO  com.intuit.karate - [print] {
  "token": "228ccf3ef0344ab"
}
 
10:14:03.150 [pool-1-thread-21] INFO  com.intuit.karate - [print] {
  "token": "0f5412f1f798717"
}
 
10:14:03.150 [pool-1-thread-11] DEBUG com.intuit.karate - response time in milliseconds: 1656
1 < 200
1 < Date: Mon, 11 Oct 2021 04:44:03 GMT
1 < Content-Type: application/json; charset=utf-8
1 < Content-Length: 22
1 < Connection: keep-alive
1 < ETag: W/"16-sJz8uwjdDv0wvm7//BYdNw8vMbU"
1 < Vary: Accept-Encoding
1 < Set-Cookie: sails.sid=s%3A152_wbE0-h6Qvjcx1KQvAvfBK8CV-lF5.c3WrwOkxzh7PMS0xoizk%2BC%2FL%2BM8koTlgy3smzxAxRSU; Domain=postman-echo.com
{"authenticated":true}
10:14:03.150 [pool-1-thread-21] DEBUG com.intuit.karate - request:
2 > POST https://restful-booker.herokuapp.com/booking
2 > Content-Type: application/json; charset=UTF-8
2 > Accept: application/json
2 > Content-Length: 168
2 > Host: restful-booker.herokuapp.com
2 > Connection: Keep-Alive
2 > User-Agent: Apache-HttpClient/4.5.13 (Java/11.0.10)
2 > Accept-Encoding: gzip,deflate
{"firstname":"Jim","lastname":"Brown","totalprice":111,"depositpaid":true,"bookingdates":{"checkin":"2018-01-01","checkout":"2019-01-01"},"additionalneeds":"Breakfast"}

10:14:03.150 [pool-1-thread-20] DEBUG com.intuit.karate - request:
2 > POST https://restful-booker.herokuapp.com/booking
2 > Content-Type: application/json; charset=UTF-8
2 > Accept: application/json
2 > Content-Length: 168
2 > Host: restful-booker.herokuapp.com
2 > Connection: Keep-Alive
2 > User-Agent: Apache-HttpClient/4.5.13 (Java/11.0.10)
2 > Accept-Encoding: gzip,deflate
{"firstname":"Jim","lastname":"Brown","totalprice":111,"depositpaid":true,"bookingdates":{"checkin":"2018-01-01","checkout":"2019-01-01"},"additionalneeds":"Breakfast"}

10:14:03.165 [pool-1-thread-11] INFO  com.intuit.karate - [print] {
  "authenticated": true
}
 
10:14:03.167 [pool-1-thread-11] INFO  com.intuit.karate - [print] true 
10:14:04.122 [pool-1-thread-19] DEBUG com.intuit.karate - response time in milliseconds: 988
2 < 200
2 < Server: Cowboy
2 < Connection: keep-alive
2 < X-Powered-By: Express
2 < Content-Type: application/json; charset=utf-8
2 < Content-Length: 195
2 < Etag: W/"c3-DoYsD5DdJ6Yl2+3EiL7CCeVh96k"
2 < Date: Mon, 11 Oct 2021 04:44:04 GMT
2 < Via: 1.1 vegur
{"bookingid":20,"booking":{"firstname":"Jim","lastname":"Brown","totalprice":111,"depositpaid":true,"bookingdates":{"checkin":"2018-01-01","checkout":"2019-01-01"},"additionalneeds":"Breakfast"}}
10:14:04.137 [pool-1-thread-19] DEBUG com.intuit.karate - request:
1 > POST https://restful-booker.herokuapp.com/booking
1 > Content-Type: application/json; charset=UTF-8
1 > Accept: application/json
1 > Content-Length: 168
1 > Host: restful-booker.herokuapp.com
1 > Connection: Keep-Alive
1 > User-Agent: Apache-HttpClient/4.5.13 (Java/11.0.10)
1 > Accept-Encoding: gzip,deflate
{"firstname":"Jim","lastname":"Brown","totalprice":111,"depositpaid":true,"bookingdates":{"checkin":"2018-01-01","checkout":"2019-01-01"},"additionalneeds":"Breakfast"}

10:14:04.173 [pool-1-thread-21] DEBUG com.intuit.karate - response time in milliseconds: 1023
2 < 200
2 < Server: Cowboy
2 < Connection: keep-alive
2 < X-Powered-By: Express
2 < Content-Type: application/json; charset=utf-8
2 < Content-Length: 195
2 < Etag: W/"c3-VtQVOycJsloccY/dnn4dKDbb8Qw"
2 < Date: Mon, 11 Oct 2021 04:44:04 GMT
2 < Via: 1.1 vegur
{"bookingid":22,"booking":{"firstname":"Jim","lastname":"Brown","totalprice":111,"depositpaid":true,"bookingdates":{"checkin":"2018-01-01","checkout":"2019-01-01"},"additionalneeds":"Breakfast"}}
10:14:04.173 [pool-1-thread-21] DEBUG com.intuit.karate - request:
1 > PUT https://restful-booker.herokuapp.com/booking/22
1 > Content-Type: application/json; charset=UTF-8
1 > Accept: application/json
1 > Cookie: token=0f5412f1f798717
1 > Content-Length: 170
1 > Host: restful-booker.herokuapp.com
1 > Connection: Keep-Alive
1 > User-Agent: Apache-HttpClient/4.5.13 (Java/11.0.10)
1 > Accept-Encoding: gzip,deflate
{"firstname":"James","lastname":"Brown","totalprice":111,"depositpaid":true,"bookingdates":{"checkin":"2018-01-01","checkout":"2019-01-01"},"additionalneeds":"Breakfast"}

10:14:04.173 [pool-1-thread-20] DEBUG com.intuit.karate - response time in milliseconds: 1023
2 < 200
2 < Server: Cowboy
2 < Connection: keep-alive
2 < X-Powered-By: Express
2 < Content-Type: application/json; charset=utf-8
2 < Content-Length: 195
2 < Etag: W/"c3-E5R+AIhAHdRg+t7MhfO18uLvLAw"
2 < Date: Mon, 11 Oct 2021 04:44:04 GMT
2 < Via: 1.1 vegur
{"bookingid":21,"booking":{"firstname":"Jim","lastname":"Brown","totalprice":111,"depositpaid":true,"bookingdates":{"checkin":"2018-01-01","checkout":"2019-01-01"},"additionalneeds":"Breakfast"}}
10:14:04.188 [pool-1-thread-20] DEBUG com.intuit.karate - request:
1 > GET https://restful-booker.herokuapp.com/booking/21
1 > Accept: application/json
1 > Host: restful-booker.herokuapp.com
1 > Connection: Keep-Alive
1 > User-Agent: Apache-HttpClient/4.5.13 (Java/11.0.10)
1 > Accept-Encoding: gzip,deflate


---------------------------------------------------------
feature: classpath:examples/calljava/calljavaclass.feature
scenarios:  2 | passed:  2 | failed:  0 | time: 6.9229
---------------------------------------------------------

10:14:04.661 [pool-2-thread-1] INFO  com.intuit.karate.Suite - <<pass>> feature 1 of 6 (5 remaining) classpath:examples/calljava/calljavaclass.feature
10:14:05.267 [pool-1-thread-20] DEBUG com.intuit.karate - response time in milliseconds: 1079
1 < 200
1 < Server: Cowboy
1 < Connection: keep-alive
1 < X-Powered-By: Express
1 < Content-Type: application/json; charset=utf-8
1 < Content-Length: 168
1 < Etag: W/"a8-p5uB2C7mxZA3HXJZF+tJCDJr8VE"
1 < Date: Mon, 11 Oct 2021 04:44:05 GMT
1 < Via: 1.1 vegur
{"firstname":"Jim","lastname":"Brown","totalprice":111,"depositpaid":true,"bookingdates":{"checkin":"2018-01-01","checkout":"2019-01-01"},"additionalneeds":"Breakfast"}
10:14:05.267 [pool-1-thread-21] DEBUG com.intuit.karate - response time in milliseconds: 1094
1 < 200
1 < Server: Cowboy
1 < Connection: keep-alive
1 < X-Powered-By: Express
1 < Content-Type: application/json; charset=utf-8
1 < Content-Length: 170
1 < Etag: W/"aa-waBDObUc25azXZ1Gkrz0LIEDGrg"
1 < Date: Mon, 11 Oct 2021 04:44:05 GMT
1 < Via: 1.1 vegur
{"firstname":"James","lastname":"Brown","totalprice":111,"depositpaid":true,"bookingdates":{"checkin":"2018-01-01","checkout":"2019-01-01"},"additionalneeds":"Breakfast"}
10:14:05.267 [pool-1-thread-20] INFO  com.intuit.karate - [print] {
  "firstname": "Jim",
  "lastname": "Brown",
  "totalprice": 111,
  "depositpaid": true,
  "bookingdates": {
    "checkin": "2018-01-01",
    "checkout": "2019-01-01"
  },
  "additionalneeds": "Breakfast"
}
 
10:14:05.267 [pool-1-thread-21] INFO  com.intuit.karate - [print] {
  "firstname": "James",
  "lastname": "Brown",
  "totalprice": 111,
  "depositpaid": true,
  "bookingdates": {
    "checkin": "2018-01-01",
    "checkout": "2019-01-01"
  },
  "additionalneeds": "Breakfast"
}
 
---------------------------------------------------------
feature: classpath:examples/reqres/reqres.feature
scenarios: 16 | passed: 15 | failed:  1 | time: 54.4573
---------------------------------------------------------

10:14:05.576 [pool-2-thread-1] INFO  com.intuit.karate.Suite - <<fail>> feature 4 of 6 (2 remaining) classpath:examples/reqres/reqres.feature
10:14:06.306 [pool-1-thread-19] DEBUG com.intuit.karate - response time in milliseconds: 2169
1 < 200
1 < Server: Cowboy
1 < Connection: keep-alive
1 < X-Powered-By: Express
1 < Content-Type: application/json; charset=utf-8
1 < Content-Length: 195
1 < Etag: W/"c3-/fHWC0OF9UP+CtAbl1CFVSOEifI"
1 < Date: Mon, 11 Oct 2021 04:44:06 GMT
1 < Via: 1.1 vegur
{"bookingid":23,"booking":{"firstname":"Jim","lastname":"Brown","totalprice":111,"depositpaid":true,"bookingdates":{"checkin":"2018-01-01","checkout":"2019-01-01"},"additionalneeds":"Breakfast"}}
10:14:06.308 [pool-1-thread-19] DEBUG c.intuit.karate.core.ScenarioEngine - over-writing existing variable 'booking_id' with new value: response.bookingid
10:14:06.314 [pool-1-thread-19] INFO  com.intuit.karate - [print] 23 
---------------------------------------------------------
feature: classpath:examples/restfulbooker/restfulbooker.feature
scenarios:  3 | passed:  3 | failed:  0 | time: 18.0916
---------------------------------------------------------

10:14:06.794 [pool-2-thread-1] INFO  com.intuit.karate.Suite - <<pass>> feature 5 of 6 (1 remaining) classpath:examples/restfulbooker/restfulbooker.feature
Karate version: 1.2.0.RC1
======================================================
elapsed:  11.52 | threads:   21 | thread time: 79.47 
features:     3 | skipped:    3 | efficiency: 0.33
scenarios:   21 | passed:    20 | failed: 1
======================================================
>>> failed features:
match failed: EQUALS
  $ | not equal | match failed for name: 'page' (MAP:MAP)
  {"page":1,"per_page":6,"total":12,"total_pages":2,"data":[{"id":1,"name":"cerulean","year":2000,"color":"#98B2D1","pantone_value":"15-4020"},{"id":2,"name":"fuchsia rose","year":2001,"color":"#C74375","pantone_value":"17-2031"},{"id":3,"name":"true red","year":2002,"color":"#BF1932","pantone_value":"19-1664"},{"id":4,"name":"aqua sky","year":2003,"color":"#7BC4C4","pantone_value":"14-4811"},{"id":5,"name":"tigerlily","year":2004,"color":"#E2583E","pantone_value":"17-1456"},{"id":6,"name":"blue turquoise","year":2005,"color":"#53B0AE","pantone_value":"15-5217"}],"support":{"url":"https://reqres.in/#support-heading","text":"To keep ReqRes free, contributions towards server costs are appreciated!"}}
  {"page":2,"per_page":6,"total":12,"total_pages":2,"data":[{"id":7,"email":"michael.lawson@reqres.in","first_name":"Michael","last_name":"Lawson","avatar":"https://reqres.in/img/faces/7-image.jpg"},{"id":8,"email":"lindsay.ferguson@reqres.in","first_name":"Lindsay","last_name":"Ferguson","avatar":"https://reqres.in/img/faces/8-image.jpg"},{"id":9,"email":"tobias.funke@reqres.in","first_name":"Tobias","last_name":"Funke","avatar":"https://reqres.in/img/faces/9-image.jpg"},{"id":10,"email":"byron.fields@reqres.in","first_name":"Byron","last_name":"Fields","avatar":"https://reqres.in/img/faces/10-image.jpg"},{"id":11,"email":"george.edwards@reqres.in","first_name":"George","last_name":"Edwards","avatar":"https://reqres.in/img/faces/11-image.jpg"},{"id":12,"email":"rachel.howell@reqres.in","first_name":"Rachel","last_name":"Howell","avatar":"https://reqres.in/img/faces/12-image.jpg"}],"support":{"url":"https://reqres.in/#support-heading","text":"To keep ReqRes free, contributions towards server costs are appreciated!"}}

    $.page | not equal (NUMBER:NUMBER)
    1
    2

classpath:examples/reqres/reqres.feature:21
<<<

HTML report: (paste into browser to view) | Karate version: 1.2.0.RC1
file:///C:/Users/cyril/IdeaProjects/KarateApi/target/karate-reports/karate-summary.html
===================================================================

]]></system-out>
    <system-err><![CDATA[Oct 11, 2021 10:14:07 AM net.masterthought.cucumber.ReportParser parseJsonFiles
INFO: File 'C:\Users\cyril\IdeaProjects\KarateApi\target\karate-reports\examples.calljava.calljavaclass.json' contains 1 features
Oct 11, 2021 10:14:07 AM net.masterthought.cucumber.ReportParser parseJsonFiles
INFO: File 'C:\Users\cyril\IdeaProjects\KarateApi\target\karate-reports\examples.reqres.reqres.json' contains 1 features
Oct 11, 2021 10:14:07 AM net.masterthought.cucumber.ReportParser parseJsonFiles
INFO: File 'C:\Users\cyril\IdeaProjects\KarateApi\target\karate-reports\examples.restfulbooker.restfulbooker.json' contains 1 features
]]></system-err>
  </testcase>
</testsuite>